2025-04-15 16:36:09 [main] INFO com.demo.departments.DemoApplication - Test text log entry
2025-04-15 13:43:34 [SpringApplicationShutdownHook] INFO  o.s.b.w.e.tomcat.GracefulShutdown - Commencing graceful shutdown. Waiting for active requests to complete
2025-04-15 13:43:34 [tomcat-shutdown] INFO  o.s.b.w.e.tomcat.GracefulShutdown - Graceful shutdown complete
2025-04-15 13:43:34 [SpringApplicationShutdownHook] INFO  o.s.o.j.LocalContainerEntityManagerFactoryBean - Closing JPA EntityManagerFactory for persistence unit 'default'
2025-04-15 13:43:34 [SpringApplicationShutdownHook] INFO  com.zaxxer.hikari.HikariDataSource - HikariPool-1 - Shutdown initiated...
2025-04-15 13:43:34 [SpringApplicationShutdownHook] INFO  com.zaxxer.hikari.HikariDataSource - HikariPool-1 - Shutdown completed.
2025-04-15 17:24:27 [main] INFO  c.d.d.d.DemoDepartmentsApplication - Starting DemoDepartmentsApplication using Java 17.0.14 with PID 192709 (/home/user/Work/Projects/My-projects/demo-learning/demoDepartments/target/classes started by user in /home/user/Work/Projects/My-projects/demo-learning/demoDepartments)
2025-04-15 17:24:27 [main] DEBUG c.d.d.d.DemoDepartmentsApplication - Running with Spring Boot v3.4.4, Spring v6.2.5
2025-04-15 17:24:27 [main] INFO  c.d.d.d.DemoDepartmentsApplication - The following 1 profile is active: "dev"
2025-04-15 17:24:27 [main] INFO  o.s.d.r.c.RepositoryConfigurationDelegate - Bootstrapping Spring Data JPA repositories in DEFAULT mode.
2025-04-15 17:24:28 [main] INFO  o.s.d.r.c.RepositoryConfigurationDelegate - Finished Spring Data repository scanning in 32 ms. Found 5 JPA repository interfaces.
2025-04-15 17:24:28 [main] INFO  o.s.b.f.s.DefaultListableBeanFactory - Overriding bean definition for bean 'jpaAuditingHandler' with a different definition: replacing [Root bean: class=org.springframework.data.auditing.AuditingHandler; scope=; abstract=false; lazyInit=null; autowireMode=2; dependencyCheck=0; autowireCandidate=true; primary=false; fallback=false; factoryBeanName=null; factoryMethodName=from; initMethodNames=null; destroyMethodNames=null] with [Root bean: class=org.springframework.data.auditing.AuditingHandler; scope=; abstract=false; lazyInit=null; autowireMode=0; dependencyCheck=0; autowireCandidate=true; primary=false; fallback=false; factoryBeanName=null; factoryMethodName=from; initMethodNames=null; destroyMethodNames=null]
2025-04-15 17:24:28 [main] INFO  o.s.b.f.s.DefaultListableBeanFactory - Overriding bean definition for bean 'org.springframework.data.jpa.domain.support.AuditingEntityListener' with an equivalent definition: replacing [Root bean: class=org.springframework.data.jpa.domain.support.AuditingEntityListener; scope=; abstract=false; lazyInit=null; autowireMode=0; dependencyCheck=0; autowireCandidate=true; primary=false; fallback=false; factoryBeanName=null; factoryMethodName=null; initMethodNames=null; destroyMethodNames=null] with [Root bean: class=org.springframework.data.jpa.domain.support.AuditingEntityListener; scope=; abstract=false; lazyInit=null; autowireMode=0; dependencyCheck=0; autowireCandidate=true; primary=false; fallback=false; factoryBeanName=null; factoryMethodName=null; initMethodNames=null; destroyMethodNames=null]
2025-04-15 17:24:28 [main] INFO  o.s.b.f.s.DefaultListableBeanFactory - Overriding bean definition for bean 'org.springframework.data.jpa.domain.support.AuditingBeanFactoryPostProcessor' with an equivalent definition: replacing [Root bean: class=org.springframework.data.jpa.domain.support.AuditingBeanFactoryPostProcessor; scope=; abstract=false; lazyInit=null; autowireMode=0; dependencyCheck=0; autowireCandidate=true; primary=false; fallback=false; factoryBeanName=null; factoryMethodName=null; initMethodNames=null; destroyMethodNames=null] with [Root bean: class=org.springframework.data.jpa.domain.support.AuditingBeanFactoryPostProcessor; scope=; abstract=false; lazyInit=null; autowireMode=0; dependencyCheck=0; autowireCandidate=true; primary=false; fallback=false; factoryBeanName=null; factoryMethodName=null; initMethodNames=null; destroyMethodNames=null]
2025-04-15 17:24:28 [main] INFO  o.s.c.a.ConfigurationClassEnhancer - @Bean method EnvConfig.propertySourcesPlaceholderConfigurer is non-static and returns an object assignable to Spring's BeanFactoryPostProcessor interface. This will result in a failure to process annotations such as @Autowired, @Resource and @PostConstruct within the method's declaring @Configuration class. Add the 'static' modifier to this method to avoid these container lifecycle issues; see @Bean javadoc for complete details.
2025-04-15 17:24:28 [main] INFO  o.s.b.w.e.tomcat.TomcatWebServer - Tomcat initialized with port 8080 (http)
2025-04-15 17:24:28 [main] INFO  o.a.c.core.AprLifecycleListener - An older version [1.2.35] of the Apache Tomcat Native library is installed, while Tomcat recommends a minimum version of [2.0.5]
2025-04-15 17:24:28 [main] INFO  o.a.c.core.AprLifecycleListener - Loaded Apache Tomcat Native library [1.2.35] using APR version [1.7.2].
2025-04-15 17:24:28 [main] INFO  o.a.c.core.AprLifecycleListener - OpenSSL successfully initialized [OpenSSL 3.0.13 30 Jan 2024]
2025-04-15 17:24:28 [main] INFO  o.a.catalina.core.StandardService - Starting service [Tomcat]
2025-04-15 17:24:28 [main] INFO  o.a.catalina.core.StandardEngine - Starting Servlet engine: [Apache Tomcat/10.1.39]
2025-04-15 17:24:28 [main] INFO  o.a.c.c.C.[Tomcat].[localhost].[/] - Initializing Spring embedded WebApplicationContext
2025-04-15 17:24:28 [main] INFO  o.s.b.w.s.c.ServletWebServerApplicationContext - Root WebApplicationContext: initialization completed in 790 ms
2025-04-15 17:24:28 [main] INFO  o.h.jpa.internal.util.LogHelper - HHH000204: Processing PersistenceUnitInfo [name: default]
2025-04-15 17:24:28 [main] INFO  org.hibernate.Version - HHH000412: Hibernate ORM core version 6.6.11.Final
2025-04-15 17:24:28 [main] INFO  o.h.c.i.RegionFactoryInitiator - HHH000026: Second-level cache disabled
2025-04-15 17:24:28 [main] INFO  o.s.o.j.p.SpringPersistenceUnitInfo - No LoadTimeWeaver setup: ignoring JPA class transformer
2025-04-15 17:24:28 [main] INFO  com.zaxxer.hikari.HikariDataSource - HikariPool-1 - Starting...
2025-04-15 17:24:28 [main] INFO  com.zaxxer.hikari.pool.HikariPool - HikariPool-1 - Added connection org.postgresql.jdbc.PgConnection@1acfc058
2025-04-15 17:24:28 [main] INFO  com.zaxxer.hikari.HikariDataSource - HikariPool-1 - Start completed.
2025-04-15 17:24:28 [main] WARN  org.hibernate.orm.deprecation - HHH90000025: PostgreSQLDialect does not need to be specified explicitly using 'hibernate.dialect' (remove the property setting and it will be selected by default)
2025-04-15 17:24:28 [main] INFO  o.hibernate.orm.connections.pooling - HHH10001005: Database info:
	Database JDBC URL [Connecting through datasource 'proxyDataSourceDecorator [net.ttddyy.dsproxy.support.ProxyDataSource] -> dataSource [com.zaxxer.hikari.HikariDataSource]']
	Database driver: undefined/unknown
	Database version: 16.8
	Autocommit mode: undefined/unknown
	Isolation level: undefined/unknown
	Minimum pool size: undefined/unknown
	Maximum pool size: undefined/unknown
2025-04-15 17:24:28 [main] WARN  org.hibernate.orm.incubating - HHH90006001: Encountered incubating setting [hibernate.type.preferred_instant_jdbc_type].  See javadoc on corresponding `org.hibernate.cfg.AvailableSettings` constant for details.
2025-04-15 17:24:29 [main] WARN  org.hibernate.orm.incubating - HHH90006001: Encountered incubating setting [hibernate.type.preferred_instant_jdbc_type].  See javadoc on corresponding `org.hibernate.cfg.AvailableSettings` constant for details.
2025-04-15 17:24:29 [main] INFO  o.h.e.t.j.p.i.JtaPlatformInitiator - HHH000489: No JTA platform available (set 'hibernate.transaction.jta.platform' to enable JTA platform integration)
2025-04-15 17:24:29 [main] DEBUG n.t.d.l.l.SLF4JQueryLoggingListener - 
Name:dataSource, Connection:2, Time:3, Success:True
Type:Prepared, Batch:False, QuerySize:1, BatchSize:0
Query:["select * from information_schema.sequences"]
Params:[()]
2025-04-15 17:24:29 [main] DEBUG n.t.d.l.l.SLF4JQueryLoggingListener - 
Name:dataSource, Connection:2, Time:0, Success:True
Type:Prepared, Batch:False, QuerySize:1, BatchSize:0
Query:["select * from "public"."person" where 1=0"]
Params:[()]
2025-04-15 17:24:29 [main] DEBUG n.t.d.l.l.SLF4JQueryLoggingListener - 
Name:dataSource, Connection:2, Time:1, Success:True
Type:Prepared, Batch:False, QuerySize:1, BatchSize:0
Query:["select * from "public"."person" where 1=0"]
Params:[()]
2025-04-15 17:24:29 [main] DEBUG n.t.d.l.l.SLF4JQueryLoggingListener - 
Name:dataSource, Connection:2, Time:0, Success:True
Type:Prepared, Batch:False, QuerySize:1, BatchSize:0
Query:["select * from "public"."role" where 1=0"]
Params:[()]
2025-04-15 17:24:29 [main] DEBUG n.t.d.l.l.SLF4JQueryLoggingListener - 
Name:dataSource, Connection:2, Time:1, Success:True
Type:Prepared, Batch:False, QuerySize:1, BatchSize:0
Query:["select * from "public"."person" where 1=0"]
Params:[()]
2025-04-15 17:24:29 [main] INFO  o.s.o.j.LocalContainerEntityManagerFactoryBean - Initialized JPA EntityManagerFactory for persistence unit 'default'
2025-04-15 17:24:29 [main] DEBUG o.s.d.j.r.c.JpaMetamodelMappingContextFactoryBean - Initializing JpaMetamodelMappingContext…
2025-04-15 17:24:29 [main] DEBUG o.s.d.j.r.c.JpaMetamodelMappingContextFactoryBean - Finished initializing JpaMetamodelMappingContext
2025-04-15 17:24:29 [main] DEBUG o.s.d.j.repository.query.NamedQuery - Looking up named query 'Permissions.findByRoleId'
2025-04-15 17:24:29 [main] DEBUG o.s.d.j.repository.query.NamedQuery - Did not find named query Permissions.findByRoleId
2025-04-15 17:24:29 [main] DEBUG o.s.d.j.repository.query.NamedQuery - Looking up named query 'Permissions.findByRoleId'
2025-04-15 17:24:29 [main] DEBUG o.s.d.j.repository.query.NamedQuery - Did not find named query Permissions.findByRoleId
2025-04-15 17:24:29 [main] DEBUG o.s.d.j.repository.query.NamedQuery - Looking up named query 'Role.findByPersonId'
2025-04-15 17:24:29 [main] DEBUG o.s.d.j.repository.query.NamedQuery - Did not find named query Role.findByPersonId
2025-04-15 17:24:29 [main] DEBUG o.s.d.j.repository.query.NamedQuery - Looking up named query 'Role.findByPersonId'
2025-04-15 17:24:29 [main] DEBUG o.s.d.j.repository.query.NamedQuery - Did not find named query Role.findByPersonId
2025-04-15 17:24:29 [main] DEBUG o.s.d.j.repository.query.NamedQuery - Looking up named query 'Contact.findByPersonId'
2025-04-15 17:24:29 [main] DEBUG o.s.d.j.repository.query.NamedQuery - Did not find named query Contact.findByPersonId
2025-04-15 17:24:29 [main] DEBUG o.s.d.j.repository.query.NamedQuery - Looking up named query 'Contact.findByPersonId'
2025-04-15 17:24:29 [main] DEBUG o.s.d.j.repository.query.NamedQuery - Did not find named query Contact.findByPersonId
2025-04-15 17:24:29 [main] DEBUG o.s.d.j.repository.query.NamedQuery - Looking up named query 'Address.findByPersonId'
2025-04-15 17:24:29 [main] DEBUG o.s.d.j.repository.query.NamedQuery - Did not find named query Address.findByPersonId
2025-04-15 17:24:29 [main] DEBUG o.s.d.j.repository.query.NamedQuery - Looking up named query 'Address.findByPersonId'
2025-04-15 17:24:29 [main] DEBUG o.s.d.j.repository.query.NamedQuery - Did not find named query Address.findByPersonId
2025-04-15 17:24:29 [main] INFO  o.s.b.a.w.s.WelcomePageHandlerMapping - Adding welcome page: class path resource [static/index.html]
2025-04-15 17:24:30 [main] INFO  o.s.b.a.e.web.EndpointLinksResolver - Exposing 3 endpoints beneath base path '/actuator'
2025-04-15 17:24:30 [main] INFO  o.s.b.w.e.tomcat.TomcatWebServer - Tomcat started on port 8080 (http) with context path '/'
2025-04-15 17:24:30 [main] INFO  c.d.d.d.DemoDepartmentsApplication - Started DemoDepartmentsApplication in 2.949 seconds (process running for 3.258)
2025-04-15 17:24:30 [main] INFO  c.d.d.demoDepartments.DataLoader - Starting data loading...
2025-04-15 17:24:30 [main] DEBUG n.t.d.l.l.SLF4JQueryLoggingListener - 
Name:dataSource, Connection:3, Time:1, Success:True
Type:Prepared, Batch:False, QuerySize:1, BatchSize:0
Query:["select count(p1_0.id) from person p1_0"]
Params:[()]
2025-04-15 17:24:30 [main] INFO  c.d.d.demoDepartments.DataLoader - Database already contains data. Skipping data loading.
2025-04-15 17:24:30 [main] TRACE c.c.s.d.j.e.g.r.s.RepositoryEntityManagerEntityGraphInjector - Trying to push the EntityGraph candidate to the query hints find method
2025-04-15 17:24:30 [main] DEBUG n.t.d.l.l.SLF4JQueryLoggingListener - 
Name:dataSource, Connection:3, Time:1, Success:True
Type:Prepared, Batch:False, QuerySize:1, BatchSize:0
Query:["select p1_0.id,a1_0.person_id,a1_0.id,a1_0.city,a1_0.country,a1_0.created_by,a1_0.created_date,a1_0.modified_by,a1_0.modified_date,a1_0.post_zip_code,a1_0.province,a1_0.street,a1_0.type,p1_0.birthday,c1_0.person_id,c1_0.id,c1_0.contact_type,c1_0.created_by,c1_0.created_date,c1_0.email,c1_0.modified_by,c1_0.modified_date,c1_0.phone_number,p1_0.created_by,p1_0.created_date,p1_0.first_name,p1_0.last_name,p1_0.modified_by,p1_0.modified_date,p1_0.password,r1_0.person_id,r1_0.id,r1_0.created_by,r1_0.created_date,r1_0.modified_by,r1_0.modified_date,p2_0.roles_id,p2_0.id,p2_0.created_by,p2_0.created_date,p2_0.modified_by,p2_0.modified_date,p2_0.permission,r1_0.role from person p1_0 left join address a1_0 on p1_0.id=a1_0.person_id left join contact c1_0 on p1_0.id=c1_0.person_id left join role r1_0 on p1_0.id=r1_0.person_id left join permissions p2_0 on r1_0.id=p2_0.roles_id where p1_0.id=?"]
Params:[(1)]
2025-04-15 17:24:30 [main] TRACE c.c.s.d.j.e.g.r.s.RepositoryEntityManagerEntityGraphInjector - Trying to push the EntityGraph candidate to the query hints find method
2025-04-15 17:24:30 [RMI TCP Connection(1)-127.0.0.1] INFO  o.a.c.c.C.[Tomcat].[localhost].[/] - Initializing Spring DispatcherServlet 'dispatcherServlet'
2025-04-15 17:24:30 [RMI TCP Connection(1)-127.0.0.1] INFO  o.s.web.servlet.DispatcherServlet - Initializing Servlet 'dispatcherServlet'
2025-04-15 17:24:30 [RMI TCP Connection(1)-127.0.0.1] INFO  o.s.web.servlet.DispatcherServlet - Completed initialization in 0 ms
2025-04-15 17:24:38 [SpringApplicationShutdownHook] INFO  o.s.b.w.e.tomcat.GracefulShutdown - Commencing graceful shutdown. Waiting for active requests to complete
2025-04-15 17:24:38 [tomcat-shutdown] INFO  o.s.b.w.e.tomcat.GracefulShutdown - Graceful shutdown complete
2025-04-15 17:24:38 [SpringApplicationShutdownHook] INFO  o.s.o.j.LocalContainerEntityManagerFactoryBean - Closing JPA EntityManagerFactory for persistence unit 'default'
2025-04-15 17:24:38 [SpringApplicationShutdownHook] INFO  com.zaxxer.hikari.HikariDataSource - HikariPool-1 - Shutdown initiated...
2025-04-15 17:24:38 [SpringApplicationShutdownHook] INFO  com.zaxxer.hikari.HikariDataSource - HikariPool-1 - Shutdown completed.
2025-04-15 21:17:40 [main] INFO  c.d.d.d.DemoDepartmentsApplication - Starting DemoDepartmentsApplication using Java 17.0.14 with PID 327916 (/home/user/Work/Projects/My-projects/demo-learning/demoDepartments/target/classes started by user in /home/user/Work/Projects/My-projects/demo-learning/demoDepartments)
2025-04-15 21:17:40 [main] DEBUG c.d.d.d.DemoDepartmentsApplication - Running with Spring Boot v3.4.4, Spring v6.2.5
2025-04-15 21:17:40 [main] INFO  c.d.d.d.DemoDepartmentsApplication - The following 1 profile is active: "dev"
2025-04-15 21:17:40 [main] INFO  o.s.d.r.c.RepositoryConfigurationDelegate - Bootstrapping Spring Data JPA repositories in DEFAULT mode.
2025-04-15 21:17:40 [main] INFO  o.s.d.r.c.RepositoryConfigurationDelegate - Finished Spring Data repository scanning in 31 ms. Found 5 JPA repository interfaces.
2025-04-15 21:17:40 [main] INFO  o.s.b.f.s.DefaultListableBeanFactory - Overriding bean definition for bean 'jpaAuditingHandler' with a different definition: replacing [Root bean: class=org.springframework.data.auditing.AuditingHandler; scope=; abstract=false; lazyInit=null; autowireMode=2; dependencyCheck=0; autowireCandidate=true; primary=false; fallback=false; factoryBeanName=null; factoryMethodName=from; initMethodNames=null; destroyMethodNames=null] with [Root bean: class=org.springframework.data.auditing.AuditingHandler; scope=; abstract=false; lazyInit=null; autowireMode=0; dependencyCheck=0; autowireCandidate=true; primary=false; fallback=false; factoryBeanName=null; factoryMethodName=from; initMethodNames=null; destroyMethodNames=null]
2025-04-15 21:17:40 [main] INFO  o.s.b.f.s.DefaultListableBeanFactory - Overriding bean definition for bean 'org.springframework.data.jpa.domain.support.AuditingEntityListener' with an equivalent definition: replacing [Root bean: class=org.springframework.data.jpa.domain.support.AuditingEntityListener; scope=; abstract=false; lazyInit=null; autowireMode=0; dependencyCheck=0; autowireCandidate=true; primary=false; fallback=false; factoryBeanName=null; factoryMethodName=null; initMethodNames=null; destroyMethodNames=null] with [Root bean: class=org.springframework.data.jpa.domain.support.AuditingEntityListener; scope=; abstract=false; lazyInit=null; autowireMode=0; dependencyCheck=0; autowireCandidate=true; primary=false; fallback=false; factoryBeanName=null; factoryMethodName=null; initMethodNames=null; destroyMethodNames=null]
2025-04-15 21:17:40 [main] INFO  o.s.b.f.s.DefaultListableBeanFactory - Overriding bean definition for bean 'org.springframework.data.jpa.domain.support.AuditingBeanFactoryPostProcessor' with an equivalent definition: replacing [Root bean: class=org.springframework.data.jpa.domain.support.AuditingBeanFactoryPostProcessor; scope=; abstract=false; lazyInit=null; autowireMode=0; dependencyCheck=0; autowireCandidate=true; primary=false; fallback=false; factoryBeanName=null; factoryMethodName=null; initMethodNames=null; destroyMethodNames=null] with [Root bean: class=org.springframework.data.jpa.domain.support.AuditingBeanFactoryPostProcessor; scope=; abstract=false; lazyInit=null; autowireMode=0; dependencyCheck=0; autowireCandidate=true; primary=false; fallback=false; factoryBeanName=null; factoryMethodName=null; initMethodNames=null; destroyMethodNames=null]
2025-04-15 21:17:40 [main] INFO  o.s.c.a.ConfigurationClassEnhancer - @Bean method EnvConfig.propertySourcesPlaceholderConfigurer is non-static and returns an object assignable to Spring's BeanFactoryPostProcessor interface. This will result in a failure to process annotations such as @Autowired, @Resource and @PostConstruct within the method's declaring @Configuration class. Add the 'static' modifier to this method to avoid these container lifecycle issues; see @Bean javadoc for complete details.
2025-04-15 21:17:41 [main] INFO  o.s.b.w.e.tomcat.TomcatWebServer - Tomcat initialized with port 8080 (http)
2025-04-15 21:17:41 [main] INFO  o.a.c.core.AprLifecycleListener - An older version [1.2.35] of the Apache Tomcat Native library is installed, while Tomcat recommends a minimum version of [2.0.5]
2025-04-15 21:17:41 [main] INFO  o.a.c.core.AprLifecycleListener - Loaded Apache Tomcat Native library [1.2.35] using APR version [1.7.2].
2025-04-15 21:17:41 [main] INFO  o.a.c.core.AprLifecycleListener - OpenSSL successfully initialized [OpenSSL 3.0.13 30 Jan 2024]
2025-04-15 21:17:41 [main] INFO  o.a.catalina.core.StandardService - Starting service [Tomcat]
2025-04-15 21:17:41 [main] INFO  o.a.catalina.core.StandardEngine - Starting Servlet engine: [Apache Tomcat/10.1.39]
2025-04-15 21:17:41 [main] INFO  o.a.c.c.C.[Tomcat].[localhost].[/] - Initializing Spring embedded WebApplicationContext
2025-04-15 21:17:41 [main] INFO  o.s.b.w.s.c.ServletWebServerApplicationContext - Root WebApplicationContext: initialization completed in 853 ms
2025-04-15 21:17:41 [main] ERROR o.s.b.w.e.tomcat.TomcatStarter - Error starting Tomcat context. Exception: org.springframework.beans.factory.UnsatisfiedDependencyException. Message: Error creating bean with name 'webMvcObservationFilter' defined in class path resource [org/springframework/boot/actuate/autoconfigure/observation/web/servlet/WebMvcObservationAutoConfiguration.class]: Unsatisfied dependency expressed through method 'webMvcObservationFilter' parameter 0: Error creating bean with name 'observationRegistry' defined in class path resource [org/springframework/boot/actuate/autoconfigure/observation/ObservationAutoConfiguration.class]: Error creating bean with name 'defaultMeterObservationHandler' defined in class path resource [org/springframework/boot/actuate/autoconfigure/observation/ObservationAutoConfiguration$MeterObservationHandlerConfiguration$OnlyMetricsMeterObservationHandlerConfiguration.class]: Unsatisfied dependency expressed through method 'defaultMeterObservationHandler' parameter 0: Error creating bean with name 'compositeMeterRegistry' defined in class path resource [org/springframework/boot/actuate/autoconfigure/metrics/CompositeMeterRegistryConfiguration.class]: Unsatisfied dependency expressed through method 'compositeMeterRegistry' parameter 1: Error creating bean with name 'meterRegistryConfigurer' defined in class path resource [com/demo/departments/demoDepartments/config/metrics/MetricsConfig.class]: Unsatisfied dependency expressed through method 'meterRegistryConfigurer' parameter 0: Error creating bean with name 'compositeMeterRegistry': Requested bean is currently in creation: Is there an unresolvable circular reference or an asynchronous initialization dependency?
2025-04-15 21:17:41 [main] INFO  o.a.catalina.core.StandardService - Stopping service [Tomcat]
2025-04-15 21:17:41 [main] WARN  o.s.b.w.s.c.AnnotationConfigServletWebServerApplicationContext - Exception encountered during context initialization - cancelling refresh attempt: org.springframework.context.ApplicationContextException: Unable to start web server
2025-04-15 21:17:41 [main] INFO  o.s.b.a.l.ConditionEvaluationReportLogger - 

Error starting ApplicationContext. To display the condition evaluation report re-run your application with 'debug' enabled.
2025-04-15 21:17:41 [main] ERROR o.s.b.d.LoggingFailureAnalysisReporter - 

***************************
APPLICATION FAILED TO START
***************************

Description:

The dependencies of some of the beans in the application context form a cycle:

   webMvcObservationFilter defined in class path resource [org/springframework/boot/actuate/autoconfigure/observation/web/servlet/WebMvcObservationAutoConfiguration.class]
      ↓
   observationRegistry defined in class path resource [org/springframework/boot/actuate/autoconfigure/observation/ObservationAutoConfiguration.class]
      ↓
   defaultMeterObservationHandler defined in class path resource [org/springframework/boot/actuate/autoconfigure/observation/ObservationAutoConfiguration$MeterObservationHandlerConfiguration$OnlyMetricsMeterObservationHandlerConfiguration.class]
┌─────┐
|  compositeMeterRegistry defined in class path resource [org/springframework/boot/actuate/autoconfigure/metrics/CompositeMeterRegistryConfiguration.class]
↑     ↓
|  meterRegistryConfigurer defined in class path resource [com/demo/departments/demoDepartments/config/metrics/MetricsConfig.class]
└─────┘


Action:

Relying upon circular references is discouraged and they are prohibited by default. Update your application to remove the dependency cycle between beans. As a last resort, it may be possible to break the cycle automatically by setting spring.main.allow-circular-references to true.

2025-04-15 21:19:08 [main] INFO  c.d.d.d.DemoDepartmentsApplication - Starting DemoDepartmentsApplication using Java 17.0.14 with PID 329003 (/home/user/Work/Projects/My-projects/demo-learning/demoDepartments/target/classes started by user in /home/user/Work/Projects/My-projects/demo-learning/demoDepartments)
2025-04-15 21:19:08 [main] DEBUG c.d.d.d.DemoDepartmentsApplication - Running with Spring Boot v3.4.4, Spring v6.2.5
2025-04-15 21:19:08 [main] INFO  c.d.d.d.DemoDepartmentsApplication - The following 1 profile is active: "dev"
2025-04-15 21:19:09 [main] INFO  o.s.d.r.c.RepositoryConfigurationDelegate - Bootstrapping Spring Data JPA repositories in DEFAULT mode.
2025-04-15 21:19:09 [main] INFO  o.s.d.r.c.RepositoryConfigurationDelegate - Finished Spring Data repository scanning in 29 ms. Found 5 JPA repository interfaces.
2025-04-15 21:19:09 [main] INFO  o.s.b.f.s.DefaultListableBeanFactory - Overriding bean definition for bean 'jpaAuditingHandler' with a different definition: replacing [Root bean: class=org.springframework.data.auditing.AuditingHandler; scope=; abstract=false; lazyInit=null; autowireMode=2; dependencyCheck=0; autowireCandidate=true; primary=false; fallback=false; factoryBeanName=null; factoryMethodName=from; initMethodNames=null; destroyMethodNames=null] with [Root bean: class=org.springframework.data.auditing.AuditingHandler; scope=; abstract=false; lazyInit=null; autowireMode=0; dependencyCheck=0; autowireCandidate=true; primary=false; fallback=false; factoryBeanName=null; factoryMethodName=from; initMethodNames=null; destroyMethodNames=null]
2025-04-15 21:19:09 [main] INFO  o.s.b.f.s.DefaultListableBeanFactory - Overriding bean definition for bean 'org.springframework.data.jpa.domain.support.AuditingEntityListener' with an equivalent definition: replacing [Root bean: class=org.springframework.data.jpa.domain.support.AuditingEntityListener; scope=; abstract=false; lazyInit=null; autowireMode=0; dependencyCheck=0; autowireCandidate=true; primary=false; fallback=false; factoryBeanName=null; factoryMethodName=null; initMethodNames=null; destroyMethodNames=null] with [Root bean: class=org.springframework.data.jpa.domain.support.AuditingEntityListener; scope=; abstract=false; lazyInit=null; autowireMode=0; dependencyCheck=0; autowireCandidate=true; primary=false; fallback=false; factoryBeanName=null; factoryMethodName=null; initMethodNames=null; destroyMethodNames=null]
2025-04-15 21:19:09 [main] INFO  o.s.b.f.s.DefaultListableBeanFactory - Overriding bean definition for bean 'org.springframework.data.jpa.domain.support.AuditingBeanFactoryPostProcessor' with an equivalent definition: replacing [Root bean: class=org.springframework.data.jpa.domain.support.AuditingBeanFactoryPostProcessor; scope=; abstract=false; lazyInit=null; autowireMode=0; dependencyCheck=0; autowireCandidate=true; primary=false; fallback=false; factoryBeanName=null; factoryMethodName=null; initMethodNames=null; destroyMethodNames=null] with [Root bean: class=org.springframework.data.jpa.domain.support.AuditingBeanFactoryPostProcessor; scope=; abstract=false; lazyInit=null; autowireMode=0; dependencyCheck=0; autowireCandidate=true; primary=false; fallback=false; factoryBeanName=null; factoryMethodName=null; initMethodNames=null; destroyMethodNames=null]
2025-04-15 21:19:09 [main] INFO  o.s.c.a.ConfigurationClassEnhancer - @Bean method EnvConfig.propertySourcesPlaceholderConfigurer is non-static and returns an object assignable to Spring's BeanFactoryPostProcessor interface. This will result in a failure to process annotations such as @Autowired, @Resource and @PostConstruct within the method's declaring @Configuration class. Add the 'static' modifier to this method to avoid these container lifecycle issues; see @Bean javadoc for complete details.
2025-04-15 21:19:09 [main] INFO  o.s.b.w.e.tomcat.TomcatWebServer - Tomcat initialized with port 8080 (http)
2025-04-15 21:19:09 [main] INFO  o.a.c.core.AprLifecycleListener - An older version [1.2.35] of the Apache Tomcat Native library is installed, while Tomcat recommends a minimum version of [2.0.5]
2025-04-15 21:19:09 [main] INFO  o.a.c.core.AprLifecycleListener - Loaded Apache Tomcat Native library [1.2.35] using APR version [1.7.2].
2025-04-15 21:19:09 [main] INFO  o.a.c.core.AprLifecycleListener - OpenSSL successfully initialized [OpenSSL 3.0.13 30 Jan 2024]
2025-04-15 21:19:09 [main] INFO  o.a.catalina.core.StandardService - Starting service [Tomcat]
2025-04-15 21:19:09 [main] INFO  o.a.catalina.core.StandardEngine - Starting Servlet engine: [Apache Tomcat/10.1.39]
2025-04-15 21:19:09 [main] INFO  o.a.c.c.C.[Tomcat].[localhost].[/] - Initializing Spring embedded WebApplicationContext
2025-04-15 21:19:09 [main] INFO  o.s.b.w.s.c.ServletWebServerApplicationContext - Root WebApplicationContext: initialization completed in 835 ms
2025-04-15 21:19:09 [main] ERROR o.s.b.w.e.tomcat.TomcatStarter - Error starting Tomcat context. Exception: org.springframework.beans.factory.UnsatisfiedDependencyException. Message: Error creating bean with name 'webMvcObservationFilter' defined in class path resource [org/springframework/boot/actuate/autoconfigure/observation/web/servlet/WebMvcObservationAutoConfiguration.class]: Unsatisfied dependency expressed through method 'webMvcObservationFilter' parameter 0: Error creating bean with name 'observationRegistry' defined in class path resource [org/springframework/boot/actuate/autoconfigure/observation/ObservationAutoConfiguration.class]: Error creating bean with name 'defaultMeterObservationHandler' defined in class path resource [org/springframework/boot/actuate/autoconfigure/observation/ObservationAutoConfiguration$MeterObservationHandlerConfiguration$OnlyMetricsMeterObservationHandlerConfiguration.class]: Unsatisfied dependency expressed through method 'defaultMeterObservationHandler' parameter 0: Error creating bean with name 'compositeMeterRegistry' defined in class path resource [org/springframework/boot/actuate/autoconfigure/metrics/CompositeMeterRegistryConfiguration.class]: Unsatisfied dependency expressed through method 'compositeMeterRegistry' parameter 1: Error creating bean with name 'meterRegistryConfigurer' defined in class path resource [com/demo/departments/demoDepartments/config/metrics/MetricsConfig.class]: Unsatisfied dependency expressed through method 'meterRegistryConfigurer' parameter 0: Error creating bean with name 'compositeMeterRegistry': Requested bean is currently in creation: Is there an unresolvable circular reference or an asynchronous initialization dependency?
2025-04-15 21:19:09 [main] INFO  o.a.catalina.core.StandardService - Stopping service [Tomcat]
2025-04-15 21:19:09 [main] WARN  o.s.b.w.s.c.AnnotationConfigServletWebServerApplicationContext - Exception encountered during context initialization - cancelling refresh attempt: org.springframework.context.ApplicationContextException: Unable to start web server
2025-04-15 21:19:09 [main] INFO  o.s.b.a.l.ConditionEvaluationReportLogger - 

Error starting ApplicationContext. To display the condition evaluation report re-run your application with 'debug' enabled.
2025-04-15 21:19:09 [main] ERROR o.s.b.d.LoggingFailureAnalysisReporter - 

***************************
APPLICATION FAILED TO START
***************************

Description:

The dependencies of some of the beans in the application context form a cycle:

   webMvcObservationFilter defined in class path resource [org/springframework/boot/actuate/autoconfigure/observation/web/servlet/WebMvcObservationAutoConfiguration.class]
      ↓
   observationRegistry defined in class path resource [org/springframework/boot/actuate/autoconfigure/observation/ObservationAutoConfiguration.class]
      ↓
   defaultMeterObservationHandler defined in class path resource [org/springframework/boot/actuate/autoconfigure/observation/ObservationAutoConfiguration$MeterObservationHandlerConfiguration$OnlyMetricsMeterObservationHandlerConfiguration.class]
┌─────┐
|  compositeMeterRegistry defined in class path resource [org/springframework/boot/actuate/autoconfigure/metrics/CompositeMeterRegistryConfiguration.class]
↑     ↓
|  meterRegistryConfigurer defined in class path resource [com/demo/departments/demoDepartments/config/metrics/MetricsConfig.class]
└─────┘


Action:

Relying upon circular references is discouraged and they are prohibited by default. Update your application to remove the dependency cycle between beans. As a last resort, it may be possible to break the cycle automatically by setting spring.main.allow-circular-references to true.

2025-04-15 21:20:17 [main] INFO  c.d.d.d.DemoDepartmentsApplication - Starting DemoDepartmentsApplication using Java 17.0.14 with PID 330816 (/home/user/Work/Projects/My-projects/demo-learning/demoDepartments/target/classes started by user in /home/user/Work/Projects/My-projects/demo-learning/demoDepartments)
2025-04-15 21:20:17 [main] DEBUG c.d.d.d.DemoDepartmentsApplication - Running with Spring Boot v3.4.4, Spring v6.2.5
2025-04-15 21:20:17 [main] INFO  c.d.d.d.DemoDepartmentsApplication - The following 1 profile is active: "dev"
2025-04-15 21:20:18 [main] INFO  o.s.d.r.c.RepositoryConfigurationDelegate - Bootstrapping Spring Data JPA repositories in DEFAULT mode.
2025-04-15 21:20:18 [main] INFO  o.s.d.r.c.RepositoryConfigurationDelegate - Finished Spring Data repository scanning in 30 ms. Found 5 JPA repository interfaces.
2025-04-15 21:20:18 [main] INFO  o.s.b.f.s.DefaultListableBeanFactory - Overriding bean definition for bean 'jpaAuditingHandler' with a different definition: replacing [Root bean: class=org.springframework.data.auditing.AuditingHandler; scope=; abstract=false; lazyInit=null; autowireMode=2; dependencyCheck=0; autowireCandidate=true; primary=false; fallback=false; factoryBeanName=null; factoryMethodName=from; initMethodNames=null; destroyMethodNames=null] with [Root bean: class=org.springframework.data.auditing.AuditingHandler; scope=; abstract=false; lazyInit=null; autowireMode=0; dependencyCheck=0; autowireCandidate=true; primary=false; fallback=false; factoryBeanName=null; factoryMethodName=from; initMethodNames=null; destroyMethodNames=null]
2025-04-15 21:20:18 [main] INFO  o.s.b.f.s.DefaultListableBeanFactory - Overriding bean definition for bean 'org.springframework.data.jpa.domain.support.AuditingEntityListener' with an equivalent definition: replacing [Root bean: class=org.springframework.data.jpa.domain.support.AuditingEntityListener; scope=; abstract=false; lazyInit=null; autowireMode=0; dependencyCheck=0; autowireCandidate=true; primary=false; fallback=false; factoryBeanName=null; factoryMethodName=null; initMethodNames=null; destroyMethodNames=null] with [Root bean: class=org.springframework.data.jpa.domain.support.AuditingEntityListener; scope=; abstract=false; lazyInit=null; autowireMode=0; dependencyCheck=0; autowireCandidate=true; primary=false; fallback=false; factoryBeanName=null; factoryMethodName=null; initMethodNames=null; destroyMethodNames=null]
2025-04-15 21:20:18 [main] INFO  o.s.b.f.s.DefaultListableBeanFactory - Overriding bean definition for bean 'org.springframework.data.jpa.domain.support.AuditingBeanFactoryPostProcessor' with an equivalent definition: replacing [Root bean: class=org.springframework.data.jpa.domain.support.AuditingBeanFactoryPostProcessor; scope=; abstract=false; lazyInit=null; autowireMode=0; dependencyCheck=0; autowireCandidate=true; primary=false; fallback=false; factoryBeanName=null; factoryMethodName=null; initMethodNames=null; destroyMethodNames=null] with [Root bean: class=org.springframework.data.jpa.domain.support.AuditingBeanFactoryPostProcessor; scope=; abstract=false; lazyInit=null; autowireMode=0; dependencyCheck=0; autowireCandidate=true; primary=false; fallback=false; factoryBeanName=null; factoryMethodName=null; initMethodNames=null; destroyMethodNames=null]
2025-04-15 21:20:18 [main] INFO  o.s.c.a.ConfigurationClassEnhancer - @Bean method EnvConfig.propertySourcesPlaceholderConfigurer is non-static and returns an object assignable to Spring's BeanFactoryPostProcessor interface. This will result in a failure to process annotations such as @Autowired, @Resource and @PostConstruct within the method's declaring @Configuration class. Add the 'static' modifier to this method to avoid these container lifecycle issues; see @Bean javadoc for complete details.
2025-04-15 21:20:18 [main] INFO  o.s.b.w.e.tomcat.TomcatWebServer - Tomcat initialized with port 8080 (http)
2025-04-15 21:20:18 [main] INFO  o.a.c.core.AprLifecycleListener - An older version [1.2.35] of the Apache Tomcat Native library is installed, while Tomcat recommends a minimum version of [2.0.5]
2025-04-15 21:20:18 [main] INFO  o.a.c.core.AprLifecycleListener - Loaded Apache Tomcat Native library [1.2.35] using APR version [1.7.2].
2025-04-15 21:20:18 [main] INFO  o.a.c.core.AprLifecycleListener - OpenSSL successfully initialized [OpenSSL 3.0.13 30 Jan 2024]
2025-04-15 21:20:18 [main] INFO  o.a.catalina.core.StandardService - Starting service [Tomcat]
2025-04-15 21:20:18 [main] INFO  o.a.catalina.core.StandardEngine - Starting Servlet engine: [Apache Tomcat/10.1.39]
2025-04-15 21:20:18 [main] INFO  o.a.c.c.C.[Tomcat].[localhost].[/] - Initializing Spring embedded WebApplicationContext
2025-04-15 21:20:18 [main] INFO  o.s.b.w.s.c.ServletWebServerApplicationContext - Root WebApplicationContext: initialization completed in 840 ms
2025-04-15 21:20:18 [main] ERROR o.s.b.w.e.tomcat.TomcatStarter - Error starting Tomcat context. Exception: org.springframework.beans.factory.UnsatisfiedDependencyException. Message: Error creating bean with name 'webMvcObservationFilter' defined in class path resource [org/springframework/boot/actuate/autoconfigure/observation/web/servlet/WebMvcObservationAutoConfiguration.class]: Unsatisfied dependency expressed through method 'webMvcObservationFilter' parameter 0: Error creating bean with name 'observationRegistry' defined in class path resource [org/springframework/boot/actuate/autoconfigure/observation/ObservationAutoConfiguration.class]: Error creating bean with name 'defaultMeterObservationHandler' defined in class path resource [org/springframework/boot/actuate/autoconfigure/observation/ObservationAutoConfiguration$MeterObservationHandlerConfiguration$OnlyMetricsMeterObservationHandlerConfiguration.class]: Unsatisfied dependency expressed through method 'defaultMeterObservationHandler' parameter 0: Error creating bean with name 'compositeMeterRegistry' defined in class path resource [org/springframework/boot/actuate/autoconfigure/metrics/CompositeMeterRegistryConfiguration.class]: Unsatisfied dependency expressed through method 'compositeMeterRegistry' parameter 1: Error creating bean with name 'meterRegistryConfigurer' defined in class path resource [com/demo/departments/demoDepartments/config/metrics/MetricsConfig.class]: Unsatisfied dependency expressed through method 'meterRegistryConfigurer' parameter 0: Error creating bean with name 'compositeMeterRegistry': Requested bean is currently in creation: Is there an unresolvable circular reference or an asynchronous initialization dependency?
2025-04-15 21:20:18 [main] INFO  o.a.catalina.core.StandardService - Stopping service [Tomcat]
2025-04-15 21:20:18 [main] WARN  o.s.b.w.s.c.AnnotationConfigServletWebServerApplicationContext - Exception encountered during context initialization - cancelling refresh attempt: org.springframework.context.ApplicationContextException: Unable to start web server
2025-04-15 21:20:18 [main] INFO  o.s.b.a.l.ConditionEvaluationReportLogger - 

Error starting ApplicationContext. To display the condition evaluation report re-run your application with 'debug' enabled.
2025-04-15 21:20:18 [main] ERROR o.s.b.d.LoggingFailureAnalysisReporter - 

***************************
APPLICATION FAILED TO START
***************************

Description:

The dependencies of some of the beans in the application context form a cycle:

   webMvcObservationFilter defined in class path resource [org/springframework/boot/actuate/autoconfigure/observation/web/servlet/WebMvcObservationAutoConfiguration.class]
      ↓
   observationRegistry defined in class path resource [org/springframework/boot/actuate/autoconfigure/observation/ObservationAutoConfiguration.class]
      ↓
   defaultMeterObservationHandler defined in class path resource [org/springframework/boot/actuate/autoconfigure/observation/ObservationAutoConfiguration$MeterObservationHandlerConfiguration$OnlyMetricsMeterObservationHandlerConfiguration.class]
┌─────┐
|  compositeMeterRegistry defined in class path resource [org/springframework/boot/actuate/autoconfigure/metrics/CompositeMeterRegistryConfiguration.class]
↑     ↓
|  meterRegistryConfigurer defined in class path resource [com/demo/departments/demoDepartments/config/metrics/MetricsConfig.class]
└─────┘


Action:

Relying upon circular references is discouraged and they are prohibited by default. Update your application to remove the dependency cycle between beans. As a last resort, it may be possible to break the cycle automatically by setting spring.main.allow-circular-references to true.

2025-04-15 21:23:00 [main] INFO  c.d.d.d.DemoDepartmentsApplication - Starting DemoDepartmentsApplication using Java 17.0.14 with PID 334033 (/home/user/Work/Projects/My-projects/demo-learning/demoDepartments/target/classes started by user in /home/user/Work/Projects/My-projects/demo-learning/demoDepartments)
2025-04-15 21:23:00 [main] DEBUG c.d.d.d.DemoDepartmentsApplication - Running with Spring Boot v3.4.4, Spring v6.2.5
2025-04-15 21:23:00 [main] INFO  c.d.d.d.DemoDepartmentsApplication - The following 1 profile is active: "dev"
2025-04-15 21:23:00 [main] INFO  o.s.d.r.c.RepositoryConfigurationDelegate - Bootstrapping Spring Data JPA repositories in DEFAULT mode.
2025-04-15 21:23:00 [main] INFO  o.s.d.r.c.RepositoryConfigurationDelegate - Finished Spring Data repository scanning in 30 ms. Found 5 JPA repository interfaces.
2025-04-15 21:23:00 [main] INFO  o.s.b.f.s.DefaultListableBeanFactory - Overriding bean definition for bean 'jpaAuditingHandler' with a different definition: replacing [Root bean: class=org.springframework.data.auditing.AuditingHandler; scope=; abstract=false; lazyInit=null; autowireMode=2; dependencyCheck=0; autowireCandidate=true; primary=false; fallback=false; factoryBeanName=null; factoryMethodName=from; initMethodNames=null; destroyMethodNames=null] with [Root bean: class=org.springframework.data.auditing.AuditingHandler; scope=; abstract=false; lazyInit=null; autowireMode=0; dependencyCheck=0; autowireCandidate=true; primary=false; fallback=false; factoryBeanName=null; factoryMethodName=from; initMethodNames=null; destroyMethodNames=null]
2025-04-15 21:23:00 [main] INFO  o.s.b.f.s.DefaultListableBeanFactory - Overriding bean definition for bean 'org.springframework.data.jpa.domain.support.AuditingEntityListener' with an equivalent definition: replacing [Root bean: class=org.springframework.data.jpa.domain.support.AuditingEntityListener; scope=; abstract=false; lazyInit=null; autowireMode=0; dependencyCheck=0; autowireCandidate=true; primary=false; fallback=false; factoryBeanName=null; factoryMethodName=null; initMethodNames=null; destroyMethodNames=null] with [Root bean: class=org.springframework.data.jpa.domain.support.AuditingEntityListener; scope=; abstract=false; lazyInit=null; autowireMode=0; dependencyCheck=0; autowireCandidate=true; primary=false; fallback=false; factoryBeanName=null; factoryMethodName=null; initMethodNames=null; destroyMethodNames=null]
2025-04-15 21:23:00 [main] INFO  o.s.b.f.s.DefaultListableBeanFactory - Overriding bean definition for bean 'org.springframework.data.jpa.domain.support.AuditingBeanFactoryPostProcessor' with an equivalent definition: replacing [Root bean: class=org.springframework.data.jpa.domain.support.AuditingBeanFactoryPostProcessor; scope=; abstract=false; lazyInit=null; autowireMode=0; dependencyCheck=0; autowireCandidate=true; primary=false; fallback=false; factoryBeanName=null; factoryMethodName=null; initMethodNames=null; destroyMethodNames=null] with [Root bean: class=org.springframework.data.jpa.domain.support.AuditingBeanFactoryPostProcessor; scope=; abstract=false; lazyInit=null; autowireMode=0; dependencyCheck=0; autowireCandidate=true; primary=false; fallback=false; factoryBeanName=null; factoryMethodName=null; initMethodNames=null; destroyMethodNames=null]
2025-04-15 21:23:00 [main] INFO  o.s.c.a.ConfigurationClassEnhancer - @Bean method EnvConfig.propertySourcesPlaceholderConfigurer is non-static and returns an object assignable to Spring's BeanFactoryPostProcessor interface. This will result in a failure to process annotations such as @Autowired, @Resource and @PostConstruct within the method's declaring @Configuration class. Add the 'static' modifier to this method to avoid these container lifecycle issues; see @Bean javadoc for complete details.
2025-04-15 21:23:01 [main] INFO  o.s.b.w.e.tomcat.TomcatWebServer - Tomcat initialized with port 8080 (http)
2025-04-15 21:23:01 [main] INFO  o.a.c.core.AprLifecycleListener - An older version [1.2.35] of the Apache Tomcat Native library is installed, while Tomcat recommends a minimum version of [2.0.5]
2025-04-15 21:23:01 [main] INFO  o.a.c.core.AprLifecycleListener - Loaded Apache Tomcat Native library [1.2.35] using APR version [1.7.2].
2025-04-15 21:23:01 [main] INFO  o.a.c.core.AprLifecycleListener - OpenSSL successfully initialized [OpenSSL 3.0.13 30 Jan 2024]
2025-04-15 21:23:01 [main] INFO  o.a.catalina.core.StandardService - Starting service [Tomcat]
2025-04-15 21:23:01 [main] INFO  o.a.catalina.core.StandardEngine - Starting Servlet engine: [Apache Tomcat/10.1.39]
2025-04-15 21:23:01 [main] INFO  o.a.c.c.C.[Tomcat].[localhost].[/] - Initializing Spring embedded WebApplicationContext
2025-04-15 21:23:01 [main] INFO  o.s.b.w.s.c.ServletWebServerApplicationContext - Root WebApplicationContext: initialization completed in 834 ms
2025-04-15 21:23:01 [main] WARN  i.m.p.PrometheusMeterRegistry - A MeterFilter is being configured after a Meter has been registered to this registry. All MeterFilters should be configured before any Meters are registered. If that is not possible or you have a use case where it should be allowed, let the Micrometer maintainers know at https://github.com/micrometer-metrics/micrometer/issues/4920. Enable DEBUG level logging on this logger to see a stack trace of the call configuring this MeterFilter.
2025-04-15 21:23:01 [main] WARN  i.m.p.PrometheusMeterRegistry - A MeterFilter is being configured after a Meter has been registered to this registry. All MeterFilters should be configured before any Meters are registered. If that is not possible or you have a use case where it should be allowed, let the Micrometer maintainers know at https://github.com/micrometer-metrics/micrometer/issues/4920. Enable DEBUG level logging on this logger to see a stack trace of the call configuring this MeterFilter.
2025-04-15 21:23:01 [main] WARN  i.m.p.PrometheusMeterRegistry - A MeterFilter is being configured after a Meter has been registered to this registry. All MeterFilters should be configured before any Meters are registered. If that is not possible or you have a use case where it should be allowed, let the Micrometer maintainers know at https://github.com/micrometer-metrics/micrometer/issues/4920. Enable DEBUG level logging on this logger to see a stack trace of the call configuring this MeterFilter.
2025-04-15 21:23:01 [main] INFO  o.h.jpa.internal.util.LogHelper - HHH000204: Processing PersistenceUnitInfo [name: default]
2025-04-15 21:23:01 [main] INFO  org.hibernate.Version - HHH000412: Hibernate ORM core version 6.6.11.Final
2025-04-15 21:23:01 [main] INFO  o.h.c.i.RegionFactoryInitiator - HHH000026: Second-level cache disabled
2025-04-15 21:23:01 [main] INFO  o.s.o.j.p.SpringPersistenceUnitInfo - No LoadTimeWeaver setup: ignoring JPA class transformer
2025-04-15 21:23:01 [main] INFO  com.zaxxer.hikari.HikariDataSource - HikariPool-1 - Starting...
2025-04-15 21:23:01 [main] INFO  com.zaxxer.hikari.pool.HikariPool - HikariPool-1 - Added connection org.postgresql.jdbc.PgConnection@58cd6088
2025-04-15 21:23:01 [main] INFO  com.zaxxer.hikari.HikariDataSource - HikariPool-1 - Start completed.
2025-04-15 21:23:01 [main] WARN  org.hibernate.orm.deprecation - HHH90000025: PostgreSQLDialect does not need to be specified explicitly using 'hibernate.dialect' (remove the property setting and it will be selected by default)
2025-04-15 21:23:01 [main] INFO  o.hibernate.orm.connections.pooling - HHH10001005: Database info:
	Database JDBC URL [Connecting through datasource 'proxyDataSourceDecorator [net.ttddyy.dsproxy.support.ProxyDataSource] -> dataSource [com.zaxxer.hikari.HikariDataSource]']
	Database driver: undefined/unknown
	Database version: 16.8
	Autocommit mode: undefined/unknown
	Isolation level: undefined/unknown
	Minimum pool size: undefined/unknown
	Maximum pool size: undefined/unknown
2025-04-15 21:23:01 [main] WARN  org.hibernate.orm.incubating - HHH90006001: Encountered incubating setting [hibernate.type.preferred_instant_jdbc_type].  See javadoc on corresponding `org.hibernate.cfg.AvailableSettings` constant for details.
2025-04-15 21:23:01 [main] WARN  org.hibernate.orm.incubating - HHH90006001: Encountered incubating setting [hibernate.type.preferred_instant_jdbc_type].  See javadoc on corresponding `org.hibernate.cfg.AvailableSettings` constant for details.
2025-04-15 21:23:02 [main] INFO  o.h.e.t.j.p.i.JtaPlatformInitiator - HHH000489: No JTA platform available (set 'hibernate.transaction.jta.platform' to enable JTA platform integration)
2025-04-15 21:23:02 [main] DEBUG n.t.d.l.l.SLF4JQueryLoggingListener - 
Name:dataSource, Connection:2, Time:2, Success:True
Type:Prepared, Batch:False, QuerySize:1, BatchSize:0
Query:["select * from information_schema.sequences"]
Params:[()]
2025-04-15 21:23:02 [main] DEBUG n.t.d.l.l.SLF4JQueryLoggingListener - 
Name:dataSource, Connection:2, Time:0, Success:True
Type:Prepared, Batch:False, QuerySize:1, BatchSize:0
Query:["select * from "public"."person" where 1=0"]
Params:[()]
2025-04-15 21:23:02 [main] DEBUG n.t.d.l.l.SLF4JQueryLoggingListener - 
Name:dataSource, Connection:2, Time:1, Success:True
Type:Prepared, Batch:False, QuerySize:1, BatchSize:0
Query:["select * from "public"."person" where 1=0"]
Params:[()]
2025-04-15 21:23:02 [main] DEBUG n.t.d.l.l.SLF4JQueryLoggingListener - 
Name:dataSource, Connection:2, Time:0, Success:True
Type:Prepared, Batch:False, QuerySize:1, BatchSize:0
Query:["select * from "public"."role" where 1=0"]
Params:[()]
2025-04-15 21:23:02 [main] DEBUG n.t.d.l.l.SLF4JQueryLoggingListener - 
Name:dataSource, Connection:2, Time:0, Success:True
Type:Prepared, Batch:False, QuerySize:1, BatchSize:0
Query:["select * from "public"."person" where 1=0"]
Params:[()]
2025-04-15 21:23:02 [main] INFO  o.s.o.j.LocalContainerEntityManagerFactoryBean - Initialized JPA EntityManagerFactory for persistence unit 'default'
2025-04-15 21:23:03 [main] INFO  o.s.b.a.w.s.WelcomePageHandlerMapping - Adding welcome page: class path resource [static/index.html]
2025-04-15 21:23:03 [main] INFO  o.s.b.a.e.web.EndpointLinksResolver - Exposing 3 endpoints beneath base path '/actuator'
2025-04-15 21:23:03 [main] WARN  o.s.b.w.s.c.AnnotationConfigServletWebServerApplicationContext - Exception encountered during context initialization - cancelling refresh attempt: org.springframework.context.ApplicationContextException: Failed to start bean 'webServerStartStop'
2025-04-15 21:23:03 [main] INFO  o.s.o.j.LocalContainerEntityManagerFactoryBean - Closing JPA EntityManagerFactory for persistence unit 'default'
2025-04-15 21:23:03 [main] INFO  com.zaxxer.hikari.HikariDataSource - HikariPool-1 - Shutdown initiated...
2025-04-15 21:23:03 [main] INFO  com.zaxxer.hikari.HikariDataSource - HikariPool-1 - Shutdown completed.
2025-04-15 21:23:03 [main] INFO  o.s.b.a.l.ConditionEvaluationReportLogger - 

Error starting ApplicationContext. To display the condition evaluation report re-run your application with 'debug' enabled.
2025-04-15 21:23:03 [main] ERROR o.s.b.d.LoggingFailureAnalysisReporter - 

***************************
APPLICATION FAILED TO START
***************************

Description:

Web server failed to start. Port 8080 was already in use.

Action:

Identify and stop the process that's listening on port 8080 or configure this application to listen on another port.

2025-04-15 21:23:31 [main] INFO  c.d.d.d.DemoDepartmentsApplication - Starting DemoDepartmentsApplication using Java 17.0.14 with PID 334373 (/home/user/Work/Projects/My-projects/demo-learning/demoDepartments/target/classes started by user in /home/user/Work/Projects/My-projects/demo-learning/demoDepartments)
2025-04-15 21:23:31 [main] DEBUG c.d.d.d.DemoDepartmentsApplication - Running with Spring Boot v3.4.4, Spring v6.2.5
2025-04-15 21:23:31 [main] INFO  c.d.d.d.DemoDepartmentsApplication - The following 1 profile is active: "dev"
2025-04-15 21:23:31 [main] INFO  o.s.d.r.c.RepositoryConfigurationDelegate - Bootstrapping Spring Data JPA repositories in DEFAULT mode.
2025-04-15 21:23:31 [main] INFO  o.s.d.r.c.RepositoryConfigurationDelegate - Finished Spring Data repository scanning in 29 ms. Found 5 JPA repository interfaces.
2025-04-15 21:23:31 [main] INFO  o.s.b.f.s.DefaultListableBeanFactory - Overriding bean definition for bean 'jpaAuditingHandler' with a different definition: replacing [Root bean: class=org.springframework.data.auditing.AuditingHandler; scope=; abstract=false; lazyInit=null; autowireMode=2; dependencyCheck=0; autowireCandidate=true; primary=false; fallback=false; factoryBeanName=null; factoryMethodName=from; initMethodNames=null; destroyMethodNames=null] with [Root bean: class=org.springframework.data.auditing.AuditingHandler; scope=; abstract=false; lazyInit=null; autowireMode=0; dependencyCheck=0; autowireCandidate=true; primary=false; fallback=false; factoryBeanName=null; factoryMethodName=from; initMethodNames=null; destroyMethodNames=null]
2025-04-15 21:23:31 [main] INFO  o.s.b.f.s.DefaultListableBeanFactory - Overriding bean definition for bean 'org.springframework.data.jpa.domain.support.AuditingEntityListener' with an equivalent definition: replacing [Root bean: class=org.springframework.data.jpa.domain.support.AuditingEntityListener; scope=; abstract=false; lazyInit=null; autowireMode=0; dependencyCheck=0; autowireCandidate=true; primary=false; fallback=false; factoryBeanName=null; factoryMethodName=null; initMethodNames=null; destroyMethodNames=null] with [Root bean: class=org.springframework.data.jpa.domain.support.AuditingEntityListener; scope=; abstract=false; lazyInit=null; autowireMode=0; dependencyCheck=0; autowireCandidate=true; primary=false; fallback=false; factoryBeanName=null; factoryMethodName=null; initMethodNames=null; destroyMethodNames=null]
2025-04-15 21:23:31 [main] INFO  o.s.b.f.s.DefaultListableBeanFactory - Overriding bean definition for bean 'org.springframework.data.jpa.domain.support.AuditingBeanFactoryPostProcessor' with an equivalent definition: replacing [Root bean: class=org.springframework.data.jpa.domain.support.AuditingBeanFactoryPostProcessor; scope=; abstract=false; lazyInit=null; autowireMode=0; dependencyCheck=0; autowireCandidate=true; primary=false; fallback=false; factoryBeanName=null; factoryMethodName=null; initMethodNames=null; destroyMethodNames=null] with [Root bean: class=org.springframework.data.jpa.domain.support.AuditingBeanFactoryPostProcessor; scope=; abstract=false; lazyInit=null; autowireMode=0; dependencyCheck=0; autowireCandidate=true; primary=false; fallback=false; factoryBeanName=null; factoryMethodName=null; initMethodNames=null; destroyMethodNames=null]
2025-04-15 21:23:31 [main] INFO  o.s.c.a.ConfigurationClassEnhancer - @Bean method EnvConfig.propertySourcesPlaceholderConfigurer is non-static and returns an object assignable to Spring's BeanFactoryPostProcessor interface. This will result in a failure to process annotations such as @Autowired, @Resource and @PostConstruct within the method's declaring @Configuration class. Add the 'static' modifier to this method to avoid these container lifecycle issues; see @Bean javadoc for complete details.
2025-04-15 21:23:31 [main] INFO  o.s.b.w.e.tomcat.TomcatWebServer - Tomcat initialized with port 8080 (http)
2025-04-15 21:23:31 [main] INFO  o.a.c.core.AprLifecycleListener - An older version [1.2.35] of the Apache Tomcat Native library is installed, while Tomcat recommends a minimum version of [2.0.5]
2025-04-15 21:23:31 [main] INFO  o.a.c.core.AprLifecycleListener - Loaded Apache Tomcat Native library [1.2.35] using APR version [1.7.2].
2025-04-15 21:23:31 [main] INFO  o.a.c.core.AprLifecycleListener - OpenSSL successfully initialized [OpenSSL 3.0.13 30 Jan 2024]
2025-04-15 21:23:31 [main] INFO  o.a.catalina.core.StandardService - Starting service [Tomcat]
2025-04-15 21:23:31 [main] INFO  o.a.catalina.core.StandardEngine - Starting Servlet engine: [Apache Tomcat/10.1.39]
2025-04-15 21:23:31 [main] INFO  o.a.c.c.C.[Tomcat].[localhost].[/] - Initializing Spring embedded WebApplicationContext
2025-04-15 21:23:31 [main] INFO  o.s.b.w.s.c.ServletWebServerApplicationContext - Root WebApplicationContext: initialization completed in 825 ms
2025-04-15 21:23:32 [main] WARN  i.m.p.PrometheusMeterRegistry - A MeterFilter is being configured after a Meter has been registered to this registry. All MeterFilters should be configured before any Meters are registered. If that is not possible or you have a use case where it should be allowed, let the Micrometer maintainers know at https://github.com/micrometer-metrics/micrometer/issues/4920. Enable DEBUG level logging on this logger to see a stack trace of the call configuring this MeterFilter.
2025-04-15 21:23:32 [main] WARN  i.m.p.PrometheusMeterRegistry - A MeterFilter is being configured after a Meter has been registered to this registry. All MeterFilters should be configured before any Meters are registered. If that is not possible or you have a use case where it should be allowed, let the Micrometer maintainers know at https://github.com/micrometer-metrics/micrometer/issues/4920. Enable DEBUG level logging on this logger to see a stack trace of the call configuring this MeterFilter.
2025-04-15 21:23:32 [main] WARN  i.m.p.PrometheusMeterRegistry - A MeterFilter is being configured after a Meter has been registered to this registry. All MeterFilters should be configured before any Meters are registered. If that is not possible or you have a use case where it should be allowed, let the Micrometer maintainers know at https://github.com/micrometer-metrics/micrometer/issues/4920. Enable DEBUG level logging on this logger to see a stack trace of the call configuring this MeterFilter.
2025-04-15 21:23:32 [main] INFO  o.h.jpa.internal.util.LogHelper - HHH000204: Processing PersistenceUnitInfo [name: default]
2025-04-15 21:23:32 [main] INFO  org.hibernate.Version - HHH000412: Hibernate ORM core version 6.6.11.Final
2025-04-15 21:23:32 [main] INFO  o.h.c.i.RegionFactoryInitiator - HHH000026: Second-level cache disabled
2025-04-15 21:23:32 [main] INFO  o.s.o.j.p.SpringPersistenceUnitInfo - No LoadTimeWeaver setup: ignoring JPA class transformer
2025-04-15 21:23:32 [main] INFO  com.zaxxer.hikari.HikariDataSource - HikariPool-1 - Starting...
2025-04-15 21:23:32 [main] INFO  com.zaxxer.hikari.pool.HikariPool - HikariPool-1 - Added connection org.postgresql.jdbc.PgConnection@3f8a44a4
2025-04-15 21:23:32 [main] INFO  com.zaxxer.hikari.HikariDataSource - HikariPool-1 - Start completed.
2025-04-15 21:23:32 [main] WARN  org.hibernate.orm.deprecation - HHH90000025: PostgreSQLDialect does not need to be specified explicitly using 'hibernate.dialect' (remove the property setting and it will be selected by default)
2025-04-15 21:23:32 [main] INFO  o.hibernate.orm.connections.pooling - HHH10001005: Database info:
	Database JDBC URL [Connecting through datasource 'proxyDataSourceDecorator [net.ttddyy.dsproxy.support.ProxyDataSource] -> dataSource [com.zaxxer.hikari.HikariDataSource]']
	Database driver: undefined/unknown
	Database version: 16.8
	Autocommit mode: undefined/unknown
	Isolation level: undefined/unknown
	Minimum pool size: undefined/unknown
	Maximum pool size: undefined/unknown
2025-04-15 21:23:32 [main] WARN  org.hibernate.orm.incubating - HHH90006001: Encountered incubating setting [hibernate.type.preferred_instant_jdbc_type].  See javadoc on corresponding `org.hibernate.cfg.AvailableSettings` constant for details.
2025-04-15 21:23:32 [main] WARN  org.hibernate.orm.incubating - HHH90006001: Encountered incubating setting [hibernate.type.preferred_instant_jdbc_type].  See javadoc on corresponding `org.hibernate.cfg.AvailableSettings` constant for details.
2025-04-15 21:23:32 [main] INFO  o.h.e.t.j.p.i.JtaPlatformInitiator - HHH000489: No JTA platform available (set 'hibernate.transaction.jta.platform' to enable JTA platform integration)
2025-04-15 21:23:32 [main] DEBUG n.t.d.l.l.SLF4JQueryLoggingListener - 
Name:dataSource, Connection:2, Time:2, Success:True
Type:Prepared, Batch:False, QuerySize:1, BatchSize:0
Query:["select * from information_schema.sequences"]
Params:[()]
2025-04-15 21:23:32 [main] DEBUG n.t.d.l.l.SLF4JQueryLoggingListener - 
Name:dataSource, Connection:2, Time:0, Success:True
Type:Prepared, Batch:False, QuerySize:1, BatchSize:0
Query:["select * from "public"."person" where 1=0"]
Params:[()]
2025-04-15 21:23:32 [main] DEBUG n.t.d.l.l.SLF4JQueryLoggingListener - 
Name:dataSource, Connection:2, Time:1, Success:True
Type:Prepared, Batch:False, QuerySize:1, BatchSize:0
Query:["select * from "public"."person" where 1=0"]
Params:[()]
2025-04-15 21:23:33 [main] DEBUG n.t.d.l.l.SLF4JQueryLoggingListener - 
Name:dataSource, Connection:2, Time:1, Success:True
Type:Prepared, Batch:False, QuerySize:1, BatchSize:0
Query:["select * from "public"."role" where 1=0"]
Params:[()]
2025-04-15 21:23:33 [main] DEBUG n.t.d.l.l.SLF4JQueryLoggingListener - 
Name:dataSource, Connection:2, Time:0, Success:True
Type:Prepared, Batch:False, QuerySize:1, BatchSize:0
Query:["select * from "public"."person" where 1=0"]
Params:[()]
2025-04-15 21:23:33 [main] INFO  o.s.o.j.LocalContainerEntityManagerFactoryBean - Initialized JPA EntityManagerFactory for persistence unit 'default'
2025-04-15 21:23:33 [main] INFO  o.s.b.a.w.s.WelcomePageHandlerMapping - Adding welcome page: class path resource [static/index.html]
2025-04-15 21:23:34 [main] INFO  o.s.b.a.e.web.EndpointLinksResolver - Exposing 3 endpoints beneath base path '/actuator'
2025-04-15 21:23:34 [main] WARN  o.s.b.w.s.c.AnnotationConfigServletWebServerApplicationContext - Exception encountered during context initialization - cancelling refresh attempt: org.springframework.context.ApplicationContextException: Failed to start bean 'webServerStartStop'
2025-04-15 21:23:34 [main] INFO  o.s.o.j.LocalContainerEntityManagerFactoryBean - Closing JPA EntityManagerFactory for persistence unit 'default'
2025-04-15 21:23:34 [main] INFO  com.zaxxer.hikari.HikariDataSource - HikariPool-1 - Shutdown initiated...
2025-04-15 21:23:34 [main] INFO  com.zaxxer.hikari.HikariDataSource - HikariPool-1 - Shutdown completed.
2025-04-15 21:23:34 [main] INFO  o.s.b.a.l.ConditionEvaluationReportLogger - 

Error starting ApplicationContext. To display the condition evaluation report re-run your application with 'debug' enabled.
2025-04-15 21:23:34 [main] ERROR o.s.b.d.LoggingFailureAnalysisReporter - 

***************************
APPLICATION FAILED TO START
***************************

Description:

Web server failed to start. Port 8080 was already in use.

Action:

Identify and stop the process that's listening on port 8080 or configure this application to listen on another port.

2025-04-15 21:24:05 [main] INFO  c.d.d.d.DemoDepartmentsApplication - Starting DemoDepartmentsApplication using Java 17.0.14 with PID 335106 (/home/user/Work/Projects/My-projects/demo-learning/demoDepartments/target/classes started by user in /home/user/Work/Projects/My-projects/demo-learning/demoDepartments)
2025-04-15 21:24:05 [main] DEBUG c.d.d.d.DemoDepartmentsApplication - Running with Spring Boot v3.4.4, Spring v6.2.5
2025-04-15 21:24:05 [main] INFO  c.d.d.d.DemoDepartmentsApplication - The following 1 profile is active: "dev"
2025-04-15 21:24:06 [main] INFO  o.s.d.r.c.RepositoryConfigurationDelegate - Bootstrapping Spring Data JPA repositories in DEFAULT mode.
2025-04-15 21:24:06 [main] INFO  o.s.d.r.c.RepositoryConfigurationDelegate - Finished Spring Data repository scanning in 30 ms. Found 5 JPA repository interfaces.
2025-04-15 21:24:06 [main] INFO  o.s.b.f.s.DefaultListableBeanFactory - Overriding bean definition for bean 'jpaAuditingHandler' with a different definition: replacing [Root bean: class=org.springframework.data.auditing.AuditingHandler; scope=; abstract=false; lazyInit=null; autowireMode=2; dependencyCheck=0; autowireCandidate=true; primary=false; fallback=false; factoryBeanName=null; factoryMethodName=from; initMethodNames=null; destroyMethodNames=null] with [Root bean: class=org.springframework.data.auditing.AuditingHandler; scope=; abstract=false; lazyInit=null; autowireMode=0; dependencyCheck=0; autowireCandidate=true; primary=false; fallback=false; factoryBeanName=null; factoryMethodName=from; initMethodNames=null; destroyMethodNames=null]
2025-04-15 21:24:06 [main] INFO  o.s.b.f.s.DefaultListableBeanFactory - Overriding bean definition for bean 'org.springframework.data.jpa.domain.support.AuditingEntityListener' with an equivalent definition: replacing [Root bean: class=org.springframework.data.jpa.domain.support.AuditingEntityListener; scope=; abstract=false; lazyInit=null; autowireMode=0; dependencyCheck=0; autowireCandidate=true; primary=false; fallback=false; factoryBeanName=null; factoryMethodName=null; initMethodNames=null; destroyMethodNames=null] with [Root bean: class=org.springframework.data.jpa.domain.support.AuditingEntityListener; scope=; abstract=false; lazyInit=null; autowireMode=0; dependencyCheck=0; autowireCandidate=true; primary=false; fallback=false; factoryBeanName=null; factoryMethodName=null; initMethodNames=null; destroyMethodNames=null]
2025-04-15 21:24:06 [main] INFO  o.s.b.f.s.DefaultListableBeanFactory - Overriding bean definition for bean 'org.springframework.data.jpa.domain.support.AuditingBeanFactoryPostProcessor' with an equivalent definition: replacing [Root bean: class=org.springframework.data.jpa.domain.support.AuditingBeanFactoryPostProcessor; scope=; abstract=false; lazyInit=null; autowireMode=0; dependencyCheck=0; autowireCandidate=true; primary=false; fallback=false; factoryBeanName=null; factoryMethodName=null; initMethodNames=null; destroyMethodNames=null] with [Root bean: class=org.springframework.data.jpa.domain.support.AuditingBeanFactoryPostProcessor; scope=; abstract=false; lazyInit=null; autowireMode=0; dependencyCheck=0; autowireCandidate=true; primary=false; fallback=false; factoryBeanName=null; factoryMethodName=null; initMethodNames=null; destroyMethodNames=null]
2025-04-15 21:24:06 [main] INFO  o.s.c.a.ConfigurationClassEnhancer - @Bean method EnvConfig.propertySourcesPlaceholderConfigurer is non-static and returns an object assignable to Spring's BeanFactoryPostProcessor interface. This will result in a failure to process annotations such as @Autowired, @Resource and @PostConstruct within the method's declaring @Configuration class. Add the 'static' modifier to this method to avoid these container lifecycle issues; see @Bean javadoc for complete details.
2025-04-15 21:24:06 [main] INFO  o.s.b.w.e.tomcat.TomcatWebServer - Tomcat initialized with port 8080 (http)
2025-04-15 21:24:06 [main] INFO  o.a.c.core.AprLifecycleListener - An older version [1.2.35] of the Apache Tomcat Native library is installed, while Tomcat recommends a minimum version of [2.0.5]
2025-04-15 21:24:06 [main] INFO  o.a.c.core.AprLifecycleListener - Loaded Apache Tomcat Native library [1.2.35] using APR version [1.7.2].
2025-04-15 21:24:06 [main] INFO  o.a.c.core.AprLifecycleListener - OpenSSL successfully initialized [OpenSSL 3.0.13 30 Jan 2024]
2025-04-15 21:24:06 [main] INFO  o.a.catalina.core.StandardService - Starting service [Tomcat]
2025-04-15 21:24:06 [main] INFO  o.a.catalina.core.StandardEngine - Starting Servlet engine: [Apache Tomcat/10.1.39]
2025-04-15 21:24:06 [main] INFO  o.a.c.c.C.[Tomcat].[localhost].[/] - Initializing Spring embedded WebApplicationContext
2025-04-15 21:24:06 [main] INFO  o.s.b.w.s.c.ServletWebServerApplicationContext - Root WebApplicationContext: initialization completed in 839 ms
2025-04-15 21:24:06 [main] WARN  i.m.p.PrometheusMeterRegistry - A MeterFilter is being configured after a Meter has been registered to this registry. All MeterFilters should be configured before any Meters are registered. If that is not possible or you have a use case where it should be allowed, let the Micrometer maintainers know at https://github.com/micrometer-metrics/micrometer/issues/4920. Enable DEBUG level logging on this logger to see a stack trace of the call configuring this MeterFilter.
2025-04-15 21:24:06 [main] WARN  i.m.p.PrometheusMeterRegistry - A MeterFilter is being configured after a Meter has been registered to this registry. All MeterFilters should be configured before any Meters are registered. If that is not possible or you have a use case where it should be allowed, let the Micrometer maintainers know at https://github.com/micrometer-metrics/micrometer/issues/4920. Enable DEBUG level logging on this logger to see a stack trace of the call configuring this MeterFilter.
2025-04-15 21:24:06 [main] WARN  i.m.p.PrometheusMeterRegistry - A MeterFilter is being configured after a Meter has been registered to this registry. All MeterFilters should be configured before any Meters are registered. If that is not possible or you have a use case where it should be allowed, let the Micrometer maintainers know at https://github.com/micrometer-metrics/micrometer/issues/4920. Enable DEBUG level logging on this logger to see a stack trace of the call configuring this MeterFilter.
2025-04-15 21:24:06 [main] INFO  o.h.jpa.internal.util.LogHelper - HHH000204: Processing PersistenceUnitInfo [name: default]
2025-04-15 21:24:06 [main] INFO  org.hibernate.Version - HHH000412: Hibernate ORM core version 6.6.11.Final
2025-04-15 21:24:06 [main] INFO  o.h.c.i.RegionFactoryInitiator - HHH000026: Second-level cache disabled
2025-04-15 21:24:07 [main] INFO  o.s.o.j.p.SpringPersistenceUnitInfo - No LoadTimeWeaver setup: ignoring JPA class transformer
2025-04-15 21:24:07 [main] INFO  com.zaxxer.hikari.HikariDataSource - HikariPool-1 - Starting...
2025-04-15 21:24:07 [main] INFO  com.zaxxer.hikari.pool.HikariPool - HikariPool-1 - Added connection org.postgresql.jdbc.PgConnection@76ffd052
2025-04-15 21:24:07 [main] INFO  com.zaxxer.hikari.HikariDataSource - HikariPool-1 - Start completed.
2025-04-15 21:24:07 [main] WARN  org.hibernate.orm.deprecation - HHH90000025: PostgreSQLDialect does not need to be specified explicitly using 'hibernate.dialect' (remove the property setting and it will be selected by default)
2025-04-15 21:24:07 [main] INFO  o.hibernate.orm.connections.pooling - HHH10001005: Database info:
	Database JDBC URL [Connecting through datasource 'proxyDataSourceDecorator [net.ttddyy.dsproxy.support.ProxyDataSource] -> dataSource [com.zaxxer.hikari.HikariDataSource]']
	Database driver: undefined/unknown
	Database version: 16.8
	Autocommit mode: undefined/unknown
	Isolation level: undefined/unknown
	Minimum pool size: undefined/unknown
	Maximum pool size: undefined/unknown
2025-04-15 21:24:07 [main] WARN  org.hibernate.orm.incubating - HHH90006001: Encountered incubating setting [hibernate.type.preferred_instant_jdbc_type].  See javadoc on corresponding `org.hibernate.cfg.AvailableSettings` constant for details.
2025-04-15 21:24:07 [main] WARN  org.hibernate.orm.incubating - HHH90006001: Encountered incubating setting [hibernate.type.preferred_instant_jdbc_type].  See javadoc on corresponding `org.hibernate.cfg.AvailableSettings` constant for details.
2025-04-15 21:24:07 [main] INFO  o.h.e.t.j.p.i.JtaPlatformInitiator - HHH000489: No JTA platform available (set 'hibernate.transaction.jta.platform' to enable JTA platform integration)
2025-04-15 21:24:07 [main] DEBUG n.t.d.l.l.SLF4JQueryLoggingListener - 
Name:dataSource, Connection:2, Time:2, Success:True
Type:Prepared, Batch:False, QuerySize:1, BatchSize:0
Query:["select * from information_schema.sequences"]
Params:[()]
2025-04-15 21:24:07 [main] DEBUG n.t.d.l.l.SLF4JQueryLoggingListener - 
Name:dataSource, Connection:2, Time:0, Success:True
Type:Prepared, Batch:False, QuerySize:1, BatchSize:0
Query:["select * from "public"."person" where 1=0"]
Params:[()]
2025-04-15 21:24:07 [main] DEBUG n.t.d.l.l.SLF4JQueryLoggingListener - 
Name:dataSource, Connection:2, Time:0, Success:True
Type:Prepared, Batch:False, QuerySize:1, BatchSize:0
Query:["select * from "public"."person" where 1=0"]
Params:[()]
2025-04-15 21:24:07 [main] DEBUG n.t.d.l.l.SLF4JQueryLoggingListener - 
Name:dataSource, Connection:2, Time:0, Success:True
Type:Prepared, Batch:False, QuerySize:1, BatchSize:0
Query:["select * from "public"."role" where 1=0"]
Params:[()]
2025-04-15 21:24:07 [main] DEBUG n.t.d.l.l.SLF4JQueryLoggingListener - 
Name:dataSource, Connection:2, Time:0, Success:True
Type:Prepared, Batch:False, QuerySize:1, BatchSize:0
Query:["select * from "public"."person" where 1=0"]
Params:[()]
2025-04-15 21:24:07 [main] INFO  o.s.o.j.LocalContainerEntityManagerFactoryBean - Initialized JPA EntityManagerFactory for persistence unit 'default'
2025-04-15 21:24:08 [main] INFO  o.s.b.a.w.s.WelcomePageHandlerMapping - Adding welcome page: class path resource [static/index.html]
2025-04-15 21:24:08 [main] INFO  o.s.b.a.e.web.EndpointLinksResolver - Exposing 3 endpoints beneath base path '/actuator'
2025-04-15 21:24:08 [main] INFO  o.s.b.w.e.tomcat.TomcatWebServer - Tomcat started on port 8080 (http) with context path '/'
2025-04-15 21:24:08 [main] INFO  c.d.d.d.DemoDepartmentsApplication - Started DemoDepartmentsApplication in 3.5 seconds (process running for 3.783)
2025-04-15 21:24:08 [main] INFO  c.d.d.demoDepartments.DataLoader - Starting data loading...
2025-04-15 21:24:09 [main] DEBUG n.t.d.l.l.SLF4JQueryLoggingListener - 
Name:dataSource, Connection:3, Time:1, Success:True
Type:Prepared, Batch:False, QuerySize:1, BatchSize:0
Query:["select count(p1_0.id) from person p1_0"]
Params:[()]
2025-04-15 21:24:09 [main] INFO  c.d.d.demoDepartments.DataLoader - Database already contains data. Skipping data loading.
2025-04-15 21:24:09 [main] DEBUG n.t.d.l.l.SLF4JQueryLoggingListener - 
Name:dataSource, Connection:3, Time:1, Success:True
Type:Prepared, Batch:False, QuerySize:1, BatchSize:0
Query:["select count(p1_0.id) from person p1_0"]
Params:[()]
2025-04-15 21:24:09 [main] DEBUG n.t.d.l.l.SLF4JQueryLoggingListener - 
Name:dataSource, Connection:3, Time:0, Success:True
Type:Prepared, Batch:False, QuerySize:1, BatchSize:0
Query:["select count(a1_0.id) from address a1_0"]
Params:[()]
2025-04-15 21:24:09 [main] DEBUG n.t.d.l.l.SLF4JQueryLoggingListener - 
Name:dataSource, Connection:3, Time:0, Success:True
Type:Prepared, Batch:False, QuerySize:1, BatchSize:0
Query:["select count(c1_0.id) from contact c1_0"]
Params:[()]
2025-04-15 21:24:09 [main] DEBUG n.t.d.l.l.SLF4JQueryLoggingListener - 
Name:dataSource, Connection:3, Time:0, Success:True
Type:Prepared, Batch:False, QuerySize:1, BatchSize:0
Query:["select count(r1_0.id) from role r1_0"]
Params:[()]
2025-04-15 21:24:09 [main] INFO  c.d.d.demoDepartments.DataLoader - Updated metrics gauges - Persons: 10, Addresses: 10, Contacts: 15, Roles: 10
2025-04-15 21:24:09 [main] TRACE c.c.s.d.j.e.g.r.s.RepositoryEntityManagerEntityGraphInjector - Trying to push the EntityGraph candidate to the query hints find method
2025-04-15 21:24:09 [main] DEBUG n.t.d.l.l.SLF4JQueryLoggingListener - 
Name:dataSource, Connection:3, Time:0, Success:True
Type:Prepared, Batch:False, QuerySize:1, BatchSize:0
Query:["select p1_0.id,a1_0.person_id,a1_0.id,a1_0.city,a1_0.country,a1_0.created_by,a1_0.created_date,a1_0.modified_by,a1_0.modified_date,a1_0.post_zip_code,a1_0.province,a1_0.street,a1_0.type,p1_0.birthday,c1_0.person_id,c1_0.id,c1_0.contact_type,c1_0.created_by,c1_0.created_date,c1_0.email,c1_0.modified_by,c1_0.modified_date,c1_0.phone_number,p1_0.created_by,p1_0.created_date,p1_0.first_name,p1_0.last_name,p1_0.modified_by,p1_0.modified_date,p1_0.password,r1_0.person_id,r1_0.id,r1_0.created_by,r1_0.created_date,r1_0.modified_by,r1_0.modified_date,p2_0.roles_id,p2_0.id,p2_0.created_by,p2_0.created_date,p2_0.modified_by,p2_0.modified_date,p2_0.permission,r1_0.role from person p1_0 left join address a1_0 on p1_0.id=a1_0.person_id left join contact c1_0 on p1_0.id=c1_0.person_id left join role r1_0 on p1_0.id=r1_0.person_id left join permissions p2_0 on r1_0.id=p2_0.roles_id where p1_0.id=?"]
Params:[(1)]
2025-04-15 21:24:09 [main] TRACE c.c.s.d.j.e.g.r.s.RepositoryEntityManagerEntityGraphInjector - Trying to push the EntityGraph candidate to the query hints find method
2025-04-15 21:24:09 [RMI TCP Connection(4)-127.0.0.1] INFO  o.a.c.c.C.[Tomcat].[localhost].[/] - Initializing Spring DispatcherServlet 'dispatcherServlet'
2025-04-15 21:24:09 [RMI TCP Connection(4)-127.0.0.1] INFO  o.s.web.servlet.DispatcherServlet - Initializing Servlet 'dispatcherServlet'
2025-04-15 21:24:09 [RMI TCP Connection(4)-127.0.0.1] INFO  o.s.web.servlet.DispatcherServlet - Completed initialization in 1 ms
2025-04-15 21:24:20 [http-nio-8080-exec-5] INFO  o.s.api.AbstractOpenApiResource - Init duration for springdoc-openapi is: 485 ms
2025-04-15 21:24:24 [http-nio-8080-exec-6] WARN  i.m.p.PrometheusMeterRegistry - The meter (MeterId{name='departments.api.request.duration', tags=[tag(application=demo_departments),tag(endpoint=address),tag(method=getAllAddressesSummary)]}) registration has failed: Prometheus requires that all meters with the same name have the same set of tag keys. There is already an existing meter named 'departments.api.request.duration' containing tag keys [endpoint]. The meter you are attempting to register has keys [application, endpoint, method]. Note that subsequent logs will be logged at debug level.
2025-04-15 21:24:24 [http-nio-8080-exec-6] DEBUG n.t.d.l.l.SLF4JQueryLoggingListener - 
Name:dataSource, Connection:6, Time:1, Success:True
Type:Prepared, Batch:False, QuerySize:1, BatchSize:0
Query:["select a1_0.id,a1_0.city,a1_0.country,a1_0.created_by,a1_0.created_date,a1_0.modified_by,a1_0.modified_date,p1_0.id,p1_0.birthday,p1_0.created_by,p1_0.created_date,p1_0.first_name,p1_0.last_name,p1_0.modified_by,p1_0.modified_date,p1_0.password,a1_0.post_zip_code,a1_0.province,a1_0.street,a1_0.type from address a1_0 left join person p1_0 on p1_0.id=a1_0.person_id"]
Params:[()]
2025-04-15 21:24:24 [http-nio-8080-exec-6] DEBUG c.d.d.d.config.metrics.MetricsAspect - API call to AddressController.getAllAddressesSummary completed in 40752425 ns
2025-04-15 21:24:28 [SpringApplicationShutdownHook] INFO  o.s.b.w.e.tomcat.GracefulShutdown - Commencing graceful shutdown. Waiting for active requests to complete
2025-04-15 21:24:28 [tomcat-shutdown] INFO  o.s.b.w.e.tomcat.GracefulShutdown - Graceful shutdown complete
2025-04-15 21:24:28 [SpringApplicationShutdownHook] INFO  o.s.o.j.LocalContainerEntityManagerFactoryBean - Closing JPA EntityManagerFactory for persistence unit 'default'
2025-04-15 21:24:28 [SpringApplicationShutdownHook] INFO  com.zaxxer.hikari.HikariDataSource - HikariPool-1 - Shutdown initiated...
2025-04-15 21:24:28 [SpringApplicationShutdownHook] INFO  com.zaxxer.hikari.HikariDataSource - HikariPool-1 - Shutdown completed.
